[?1049h[?1h=[1;79r[?12;25h[?12l[?25h[27m[23m[m[H[2J[?25l[79;1H"server.py" 23L, 831C[1;1H[1m[33m  1 [m[1m[36m#!/usr/bin/python           # This is server.py file[m
[1m[33m  2 
  3 [m[1m[34mimport[m socket[15C[1m[36m# Import socket module[m
[1m[33m  4 [m[1m[34mimport[m time
[1m[33m  5 
  6 [mhost = [1m[35m"0.0.0.0"[m  [1m[36m# Get local machine name[m
[1m[33m  7 [mport = [1m[35m12345[m[16C[1m[36m# Reserve a port for your service.[m
[1m[33m  8 
  9 
 10 [ms = socket.socket()[9C[1m[36m# Create a socket object and allow reuse of socket (for ctrl+c exits)[m
[1m[33m 11 [ms.setsockopt(socket.SOL_SOCKET, socket.SO_REUSEADDR, [1m[35m1[m)
[1m[33m 12 [ms.bind((host, port))[8C[1m[36m# Bind to the port[m
[1m[33m 13 
 14 [ms.listen([1m[35m5[m)[17C[1m[36m# Now wait for client connection.[m
[1m[33m 15 
 16 while[m [1m[36mTrue[m:
[1m[33m 17 [m   c, addr = s.accept()     [1m[36m# Establish connection with client, log connect and send message to client log.[m
[1m[33m 18 [m   now = time.strftime([1m[35m"%Y-%m-%d - %H:%M:%S"[m)
[1m[33m 19 
 20 [m   [1m[36m# Print message from client and send answer[m
[1m[33m 21 [m   [1m[36mprint[m(c.recv([1m[35m1024[m))
[1m[33m 22 [m   c.send([1m[35m'%s: Hello client, this is server'[m % now)
[1m[33m 23 [m   c.close()[16C[1m[36m# Close the connection[m
[1m[34m~                                                                                                                                       [25;1H~                                                                                                                                       [26;1H~                                                                                                                                       [27;1H~                                                                                                                                       [28;1H~                                                                                                                                       [29;1H~                                                                                                                                       [30;1H~                                                                                                                                       [31;1H~                                                                                                                                       [32;1H~                                                                                                                                       [33;1H~                                                                                                                                       [34;1H~                                                                                                                                       [35;1H~                                                                                                                                       [36;1H~                                                                                                                                       [37;1H~                                                                                                                                       [38;1H~                                                                                                                                       [39;1H~                                                                                                                                       [40;1H~                                                                                                                                       [41;1H~                                                                                                                                       [42;1H~                                                                                                                                       [43;1H~                                                                                                                                       [44;1H~                                                                                                                                       [45;1H~                                                                                                                                       [46;1H~                                                                                                                                       [47;1H~                                                                                                                                       [48;1H~                                                                                                                                       [49;1H~                                                                                                                                       [50;1H~                                                                                                                                       [51;1H~                                                                                                                                       [52;1H~                                                                                                                                       [53;1H~                                                                                                                                       [54;1H~                                                                                                                                       [55;1H~                                                                                                                                       [56;1H~                                                                                                                                       [57;1H~                                                                                                                                       [58;1H~                                                                                                                                       [59;1H~                                                                                                                                       [60;1H~                                                                                                                                       [61;1H~                                                                                                                                       [62;1H~                                                                                                                                       [63;1H~                                                                                                                                       [64;1H~                                                                                                                                       [65;1H~                                                                                                                                       [66;1H~                                                                                                                                       [67;1H~                                                                                                                                       [68;1H~                                                                                                                                       [69;1H~                                                                                                                                       [70;1H~                                                                                                                                       [71;1H~                                                                                                                                       [72;1H~                                                                                                                                       [73;1H~                                                                                                                                       [74;1H~                                                                                                                                       [75;1H~                                                                                                                                       [76;1H~                                                                                                                                       [77;1H~                                                                                                                                       [78;1H~                                                                                                                                       [1;5H[?12l[?25h[?25l[m[79;1H[K[79;1H:[?12l[?25hq[?25l[?12l[?25h[?25l[79;1H[K[79;1H[?1l>[?12l[?25h[?1049l2015-12-15 - 22:45:11: Hello server, this is client
2015-12-15 - 22:45:12: Hello server, this is client
2015-12-15 - 22:45:13: Hello server, this is client
2015-12-15 - 22:45:14: Hello server, this is client
2015-12-15 - 22:45:15: Hello server, this is client
2015-12-15 - 22:45:16: Hello server, this is client
2015-12-15 - 22:45:17: Hello server, this is client
2015-12-15 - 22:45:18: Hello server, this is client
2015-12-15 - 22:45:19: Hello server, this is client
2015-12-15 - 22:45:20: Hello server, this is client
2015-12-15 - 22:45:21: Hello server, this is client
2015-12-15 - 22:45:22: Hello server, this is client
2015-12-15 - 22:45:23: Hello server, this is client
2015-12-15 - 22:45:24: Hello server, this is client
2015-12-15 - 22:45:25: Hello server, this is client
2015-12-15 - 22:45:26: Hello server, this is client
2015-12-15 - 22:45:27: Hello server, this is client
2015-12-15 - 22:45:28: Hello server, this is client
2015-12-15 - 22:45:29: Hello server, this is client
2015-12-15 - 22:45:30: Hello server, this is client
Starting...
2015-12-15 - 23:33:31: Hello server, this is client (23:33:30/23:33:31)
Starting...
[91m2015-12-15 - 23:34:15: Hello server, this is client (23:34:15/23:34:15) - FAIL[0m
2015-12-15 - 23:34:16: Hello server, this is client (23:34:15/23:34:16)
[91m2015-12-15 - 23:34:16: Hello server, this is client (23:34:16/23:34:16) - FAIL[0m
[91m2015-12-15 - 23:34:16: Hello server, this is client (23:34:16/23:34:16) - FAIL[0m
2015-12-15 - 23:34:17: Hello server, this is client (23:34:16/23:34:17)
[91m2015-12-15 - 23:34:17: Hello server, this is client (23:34:17/23:34:17) - FAIL[0m
[91m2015-12-15 - 23:34:17: Hello server, this is client (23:34:17/23:34:17) - FAIL[0m
